<?xml version="1.0" encoding="UTF-8" ?>
<testsuite failures="0" time="3.756" errors="0" skipped="0" tests="9" name="com.ingenuity.salesquote.domain.CategoryIntegrationTest">
  <properties>
[...]
</properties>
  <testcase time="3.293" classname="com.ingenuity.salesquote.domain.CategoryIntegrationTest" name="testMarkerMethod"/>
  <testcase time="0.249" classname="com.ingenuity.salesquote.domain.CategoryIntegrationTest" name="testCountCategorys"/>
  <testcase time="0.024" classname="com.ingenuity.salesquote.domain.CategoryIntegrationTest" name="testFindCategory"/>
  <testcase time="0.023" classname="com.ingenuity.salesquote.domain.CategoryIntegrationTest" name="testFindAllCategorys"/>
  <testcase time="0.026" classname="com.ingenuity.salesquote.domain.CategoryIntegrationTest" name="testFindCategoryEntries"/>
  <testcase time="0.022" classname="com.ingenuity.salesquote.domain.CategoryIntegrationTest" name="testFlush"/>
  <testcase time="0.048" classname="com.ingenuity.salesquote.domain.CategoryIntegrationTest" name="testMergeUpdate"/>
  <testcase time="0.048" classname="com.ingenuity.salesquote.domain.CategoryIntegrationTest" name="testPersist"/>
  <testcase time="0.023" classname="com.ingenuity.salesquote.domain.CategoryIntegrationTest" name="testRemove"/>
</testsuite>